[16:38:08] This is prokka 1.14.6
[16:38:08] Written by Torsten Seemann <torsten.seemann@gmail.com>
[16:38:08] Homepage is https://github.com/tseemann/prokka
[16:38:08] Local time is Tue Apr  9 16:38:08 2024
[16:38:08] You are jairtorres
[16:38:08] Operating system is darwin
[16:38:08] You have BioPerl 1.7.8
[16:38:08] System has 10 cores.
[16:38:08] Will use maximum of 8 cores.
[16:38:08] Annotating as >>> Bacteria <<<
[16:38:08] Generating locus_tag from 'mystery-8.fa' contents.
[16:38:08] Setting --locustag DLIDFOLG from MD5 d52df850bc8b3025ecd2a209a5828282
[16:38:08] Creating new output folder: kleb_annotation
[16:38:08] Running: mkdir -p kleb_annotation
[16:38:09] Using filename prefix: PROKKA_04092024.XXX
[16:38:09] Setting HMMER_NCPU=1
[16:38:09] Writing log to: kleb_annotation/PROKKA_04092024.log
[16:38:09] Command: /Users/jairtorres/miniforge3/bin/prokka --outdir kleb_annotation mystery-8.fa
[16:38:09] Appending to PATH: /Users/jairtorres/miniforge3/bin
[16:38:09] Looking for 'aragorn' - found /Users/jairtorres/miniforge3/bin/aragorn
[16:38:09] Determined aragorn version is 001002 from 'ARAGORN v1.2.41 Dean Laslett'
[16:38:09] Looking for 'barrnap' - found /Users/jairtorres/miniforge3/bin/barrnap
[16:38:09] Determined barrnap version is 000009 from 'barrnap 0.9'
[16:38:09] Looking for 'blastp' - found /Users/jairtorres/miniforge3/bin/blastp
[16:38:09] Determined blastp version is 002015 from 'blastp: 2.15.0+'
[16:38:09] Looking for 'cmpress' - found /Users/jairtorres/miniforge3/bin/cmpress
[16:38:09] Determined cmpress version is 001001 from '# INFERNAL 1.1.5 (Sep 2023)'
[16:38:09] Looking for 'cmscan' - found /Users/jairtorres/miniforge3/bin/cmscan
[16:38:09] Determined cmscan version is 001001 from '# INFERNAL 1.1.5 (Sep 2023)'
[16:38:09] Looking for 'egrep' - found /usr/bin/egrep
[16:38:09] Looking for 'find' - found /usr/bin/find
[16:38:09] Looking for 'grep' - found /usr/bin/grep
[16:38:09] Looking for 'hmmpress' - found /Users/jairtorres/miniforge3/bin/hmmpress
[16:38:09] Determined hmmpress version is 003004 from '# HMMER 3.4 (Aug 2023); http://hmmer.org/'
[16:38:09] Looking for 'hmmscan' - found /Users/jairtorres/miniforge3/bin/hmmscan
[16:38:09] Determined hmmscan version is 003004 from '# HMMER 3.4 (Aug 2023); http://hmmer.org/'
[16:38:09] Looking for 'java' - found /usr/bin/java
[16:38:09] Looking for 'makeblastdb' - found /Users/jairtorres/miniforge3/bin/makeblastdb
[16:38:09] Determined makeblastdb version is 002015 from 'makeblastdb: 2.15.0+'
[16:38:09] Looking for 'minced' - found /Users/jairtorres/miniforge3/bin/minced
[16:38:09] Determined minced version is 004002 from 'minced 0.4.2'
[16:38:09] Looking for 'parallel' - found /Users/jairtorres/miniforge3/bin/parallel
[16:38:09] Determined parallel version is 20240322 from 'GNU parallel 20240322'
[16:38:09] Looking for 'prodigal' - found /Users/jairtorres/miniforge3/bin/prodigal
[16:38:09] Determined prodigal version is 002006 from 'Prodigal V2.6.3: February, 2016'
[16:38:09] Looking for 'prokka-genbank_to_fasta_db' - found /Users/jairtorres/miniforge3/bin/prokka-genbank_to_fasta_db
[16:38:09] Looking for 'sed' - found /usr/bin/sed
[16:38:09] Looking for 'tbl2asn' - found /Users/jairtorres/miniforge3/bin/tbl2asn
[16:38:09] Determined tbl2asn version is 025007 from 'tbl2asn 25.7   arguments:'
[16:38:09] Using genetic code table 11.
[16:38:09] Loading and checking input file: mystery-8.fa
[16:38:10] Wrote 637 contigs totalling 5582960 bp.
[16:38:10] Predicting tRNAs and tmRNAs
[16:38:10] Running: aragorn -l -gc11  -w kleb_annotation\/PROKKA_04092024\.fna
[16:38:11] 1 tRNA-Ala c[106,181] 34 (tgc)
[16:38:11] 2 tRNA-Ile c[287,363] 35 (gat)
[16:38:11] 1 tRNA-Ile [145,221] 35 (gat)
[16:38:11] 2 tRNA-Ala [258,333] 34 (tgc)
[16:38:11] 1 tRNA-Glu [34,109] 35 (ttc)
[16:38:11] 1 tRNA-Met [3673,3749] 35 (cat)
[16:38:11] 2 tRNA-Leu [3758,3842] 35 (tag)
[16:38:11] 3 tRNA-Gln [3866,3940] 33 (ttg)
[16:38:11] 4 tRNA-Gln [3977,4051] 33 (ttg)
[16:38:11] 5 tRNA-Met [4075,4151] 35 (cat)
[16:38:11] 6 tRNA-Gln [4199,4273] 33 (ctg)
[16:38:11] 7 tRNA-Gln [4349,4423] 33 (ctg)
[16:38:11] 1 tRNA-Ser c[661,748] 35 (gga)
[16:38:11] 2 tRNA-Ser c[3742,3829] 35 (gga)
[16:38:11] 1 tRNA-Phe c[16370,16445] 34 (gaa)
[16:38:11] 2 tRNA-Gly [57214,57289] 34 (gcc)
[16:38:11] 3 tRNA-Gly [57358,57433] 34 (gcc)
[16:38:11] 4 tRNA-Gly [57506,57581] 34 (gcc)
[16:38:11] 1 tRNA-Gly [25590,25665] 34 (gcc)
[16:38:11] 2 tRNA-Cys [25706,25779] 33 (gca)
[16:38:11] 3 tRNA-Leu [25793,25879] 35 (taa)
[16:38:11] 1 tRNA-Met c[14933,15008] 34 (cat)
[16:38:11] 1 tRNA-Pro c[4297,4373] 35 (cgg)
[16:38:11] 1 tRNA-Thr [867,942] 34 (ggt)
[16:38:11] 2 tRNA-Leu [94010,94096] 35 (gag)
[16:38:11] 3 tRNA-Met [98027,98103] 35 (cat)
[16:38:11] 1 tRNA-Arg [12278,12352] 34 (cct)
[16:38:11] 2 tRNA-Ala c[32676,32751] 34 (ggc)
[16:38:11] 3 tRNA-Ala c[32793,32868] 34 (ggc)
[16:38:11] 4 tRNA-Val [35567,35642] 34 (tac)
[16:38:11] 5 tRNA-Val [35688,35763] 34 (tac)
[16:38:11] 6 tRNA-Val [35810,35885] 34 (tac)
[16:38:11] 7 tRNA-Lys [35890,35965] 34 (ttt)
[16:38:11] 1 tmRNA c[63795,64157] 90,125 ANDENYALAA**
[16:38:11] 1 tRNA-Tyr c[77,161] 35 (gta)
[16:38:11] 2 tRNA-Tyr c[377,461] 35 (gta)
[16:38:11] 1 tRNA-Gly [9582,9655] 33 (ccc)
[16:38:11] 1 tRNA-Thr [3702,3777] 34 (tgt)
[16:38:11] 2 tRNA-Tyr [3788,3872] 35 (gta)
[16:38:11] 3 tRNA-Gly [3988,4062] 34 (tcc)
[16:38:11] 4 tRNA-Thr [4068,4143] 34 (ggt)
[16:38:11] 1 tRNA-Phe [27323,27398] 34 (gaa)
[16:38:11] 1 tRNA-Pro c[21662,21738] 35 (ggg)
[16:38:11] 1 tRNA-Lys c[11923,11998] 34 (ttt)
[16:38:11] 2 tRNA-Lys c[12132,12207] 34 (ttt)
[16:38:11] 3 tRNA-Val c[12211,12286] 34 (tac)
[16:38:11] 4 tRNA-Lys c[12436,12511] 34 (ttt)
[16:38:11] 5 tRNA-Val c[12514,12589] 34 (tac)
[16:38:11] 6 tRNA-Lys c[12715,12790] 34 (ttt)
[16:38:11] 1 tRNA-Asn c[11358,11433] 34 (gtt)
[16:38:11] 2 tRNA-Asn [13191,13266] 34 (gtt)
[16:38:11] 3 tRNA-Asn c[22100,22175] 34 (gtt)
[16:38:11] 4 tRNA-Asn c[27346,27421] 34 (gtt)
[16:38:11] 5 tRNA-Ser [28413,28502] 35 (cga)
[16:38:11] 1 tRNA-Met c[28692,28768] 35 (cat)
[16:38:11] 2 tRNA-Met c[28851,28927] 35 (cat)
[16:38:11] 1 tRNA-SeC [96308,96402] 35 (tca)
[16:38:11] 1 tRNA-Arg c[33292,33368] 35 (acg)
[16:38:11] 2 tRNA-Arg c[33597,33673] 35 (acg)
[16:38:11] 3 tRNA-Arg c[33735,33811] 35 (acg)
[16:38:11] 4 tRNA-Arg c[33962,34038] 35 (acg)
[16:38:11] 5 tRNA-Ser c[34043,34135] 35 (gct)
[16:38:11] 1 tRNA-Val [55110,55186] 35 (gac)
[16:38:11] 2 tRNA-Val [55191,55267] 35 (gac)
[16:38:11] 3 tRNA-Val [55272,55348] 35 (gac)
[16:38:11] 1 tRNA-Leu c[26903,26989] 35 (cag)
[16:38:11] 2 tRNA-Leu c[27021,27107] 35 (cag)
[16:38:11] 3 tRNA-Leu c[27136,27222] 35 (cag)
[16:38:11] 1 tRNA-Leu [17726,17810] 35 (caa)
[16:38:11] 1 tRNA-Ser c[25317,25404] 35 (tga)
[16:38:11] 1 tRNA-Arg c[43209,43285] 35 (tct)
[16:38:11] 1 tRNA-Asp [182,258] 35 (gtc)
[16:38:11] 2 tRNA-Trp [312,387] 34 (cca)
[16:38:11] 3 tRNA-Arg [38530,38606] 35 (ccg)
[16:38:11] 4 tRNA-His [38662,38737] 34 (gtg)
[16:38:11] 5 tRNA-Leu [38761,38847] 35 (cag)
[16:38:11] 6 tRNA-Pro [38890,38966] 35 (tgg)
[16:38:11] 7 tRNA-Asp [87555,87631] 35 (gtc)
[16:38:11] 8 tRNA-Asp [97008,97084] 35 (gtc)
[16:38:11] 9 tRNA-Thr c[179664,179739] 34 (cgt)
[16:38:11] Found 80 tRNAs
[16:38:11] Predicting Ribosomal RNAs
[16:38:11] Running Barrnap with 8 threads
[16:38:12] 1 2355 239 5S ribosomal RNA (partial)
[16:38:12] 2 4711 3 16S ribosomal RNA (partial)
[16:38:12] 3 4901 739 5S ribosomal RNA
[16:38:12] 4 4901 983 5S ribosomal RNA
[16:38:12] 5 4926 163 5S ribosomal RNA
[16:38:12] 6 4975 30304 5S ribosomal RNA
[16:38:12] 7 4982 42604 5S ribosomal RNA
[16:38:12] 8 5023 24527 16S ribosomal RNA (partial)
[16:38:12] 9 5048 4 16S ribosomal RNA (partial)
[16:38:12] 10 5075 4 16S ribosomal RNA (partial)
[16:38:12] 11 5075 498 23S ribosomal RNA (partial)
[16:38:12] 12 5084 11 5S ribosomal RNA
[16:38:12] 13 5084 87042 16S ribosomal RNA (partial)
[16:38:12] Found 13 rRNAs
[16:38:12] Skipping ncRNA search, enable with --rfam if desired.
[16:38:12] Total of 92 tRNA + rRNA features
[16:38:12] Searching for CRISPR repeats
[16:38:13] CRISPR1 4981 8025 with 12 spacers
[16:38:13] CRISPR2 4981 17486 with 10 spacers
[16:38:13] Found 2 CRISPRs
[16:38:13] Predicting coding sequences
[16:38:13] Contigs total 5582960 bp, so using single mode
[16:38:13] Running: prodigal -i kleb_annotation\/PROKKA_04092024\.fna -c -m -g 11 -p single -f sco -q
[16:38:16] Excluding CDS which overlaps existing RNA (tRNA) at 4901:97996..98202 on - strand
[16:38:18] Excluding CDS which overlaps existing RNA (tRNA) at 5036:54861..55346 on - strand
[16:38:18] Excluding CDS which overlaps existing RNA (tRNA) at 5084:38866..39018 on - strand
[16:38:18] Found 5266 CDS
[16:38:18] Connecting features back to sequences
[16:38:18] Not using genus-specific database. Try --usegenus to enable it.
[16:38:18] Annotating CDS, please be patient.
[16:38:18] Will use 8 CPUs for similarity searching.
[16:38:19] There are still 5266 unannotated CDS left (started with 5266)
[16:38:19] Will use blast to search against /Users/jairtorres/miniforge3/db/kingdom/Bacteria/IS with 8 CPUs
[16:38:19] Running: cat kleb_annotation\/PROKKA_04092024\.IS\.tmp\.14028\.faa | parallel --gnu --plain -j 8 --block 101078 --recstart '>' --pipe blastp -query - -db /Users/jairtorres/miniforge3/db/kingdom/Bacteria/IS -evalue 1e-30 -qcov_hsp_perc 90 -num_threads 1 -num_descriptions 1 -num_alignments 1 -seg no > kleb_annotation\/PROKKA_04092024\.IS\.tmp\.14028\.blast 2> /dev/null
[16:38:30] Deleting unwanted file: kleb_annotation/PROKKA_04092024.IS.tmp.14028.faa
[16:38:30] Deleting unwanted file: kleb_annotation/PROKKA_04092024.IS.tmp.14028.blast
[16:38:30] There are still 5200 unannotated CDS left (started with 5266)
[16:38:30] Will use blast to search against /Users/jairtorres/miniforge3/db/kingdom/Bacteria/AMR with 8 CPUs
[16:38:30] Running: cat kleb_annotation\/PROKKA_04092024\.AMR\.tmp\.14028\.faa | parallel --gnu --plain -j 8 --block 100063 --recstart '>' --pipe blastp -query - -db /Users/jairtorres/miniforge3/db/kingdom/Bacteria/AMR -evalue 1e-300 -qcov_hsp_perc 90 -num_threads 1 -num_descriptions 1 -num_alignments 1 -seg no > kleb_annotation\/PROKKA_04092024\.AMR\.tmp\.14028\.blast 2> /dev/null
[16:38:38] Deleting unwanted file: kleb_annotation/PROKKA_04092024.AMR.tmp.14028.faa
[16:38:38] Deleting unwanted file: kleb_annotation/PROKKA_04092024.AMR.tmp.14028.blast
[16:38:39] There are still 5199 unannotated CDS left (started with 5266)
[16:38:39] Will use blast to search against /Users/jairtorres/miniforge3/db/kingdom/Bacteria/sprot with 8 CPUs
[16:38:39] Running: cat kleb_annotation\/PROKKA_04092024\.sprot\.tmp\.14028\.faa | parallel --gnu --plain -j 8 --block 99999 --recstart '>' --pipe blastp -query - -db /Users/jairtorres/miniforge3/db/kingdom/Bacteria/sprot -evalue 1e-09 -qcov_hsp_perc 80 -num_threads 1 -num_descriptions 1 -num_alignments 1 -seg no > kleb_annotation\/PROKKA_04092024\.sprot\.tmp\.14028\.blast 2> /dev/null
[16:39:17] Modify product: Probable propionate kinase => putative propionate kinase
[16:39:17] Modify product: UPF0053 inner membrane protein YgdQ => hypothetical protein
[16:39:17] Modify product: Uncharacterized lipoprotein YgdR => putative lipoprotein YgdR
[16:39:17] Modify product: Uncharacterized protein YphB => putative protein YphB
[16:39:17] Modify product: Probable 3-phenylpropionic acid transporter => putative 3-phenylpropionic acid transporter
[16:39:17] Modify product: Probable lipid II flippase MurJ => putative lipid II flippase MurJ
[16:39:17] Modify product: UPF0502 protein YceH => hypothetical protein
[16:39:17] Modify product: Uncharacterized lipoprotein YceB => putative lipoprotein YceB
[16:39:17] Modify product: Uncharacterized protein YceO => putative protein YceO
[16:39:17] Modify product: UPF0176 protein YceA => hypothetical protein
[16:39:17] Modify product: Probable phosphatase YcdX => putative phosphatase YcdX
[16:39:17] Modify product: Uncharacterized lipoprotein YbjP => putative lipoprotein YbjP
[16:39:17] Modify product: Probable cyclic di-GMP phosphodiesterase PdeD => putative cyclic di-GMP phosphodiesterase PdeD
[16:39:17] Modify product: UPF0053 inner membrane protein YoaE => hypothetical protein
[16:39:17] Modify product: UPF0266 membrane protein YobD => hypothetical protein
[16:39:17] Modify product: Probable manganese efflux pump MntP => putative manganese efflux pump MntP
[16:39:17] Modify product: Probable 6-phospho-beta-glucosidase => putative 6-phospho-beta-glucosidase
[16:39:17] Modify product: UPF0283 membrane protein YcjF => hypothetical protein
[16:39:17] Modify product: Uncharacterized protein YcjX => putative protein YcjX
[16:39:17] Modify product: UPF0716 protein FxsA => hypothetical protein
[16:39:17] Modify product: Probable L-ascorbate-6-phosphate lactonase UlaG => putative L-ascorbate-6-phosphate lactonase UlaG
[16:39:17] Modify product: Uncharacterized inner membrane transporter YhbE => putative inner membrane transporter YhbE
[16:39:17] Modify product: Uncharacterized protease YhbU => putative protease YhbU
[16:39:17] Modify product: UPF0126 inner membrane protein YadS => hypothetical protein
[16:39:17] Modify product: UPF0253 protein YaeP => hypothetical protein
[16:39:17] Modify product: Uncharacterized protein YaeQ => putative protein YaeQ
[16:39:17] Modify product: Probable quorum-quenching lactonase YtnP => putative quorum-quenching lactonase YtnP
[16:39:17] Modify product: Probable D-methionine-binding lipoprotein MetQ => putative D-methionine-binding lipoprotein MetQ
[16:39:17] Modify product: Uncharacterized oxidoreductase YdgJ => putative oxidoreductase YdgJ
[16:39:17] Modify product: Probable cyclic di-GMP phosphodiesterase PdeG => putative cyclic di-GMP phosphodiesterase PdeG
[16:39:17] Modify product: Probable cyclic di-GMP phosphodiesterase PdeB => putative cyclic di-GMP phosphodiesterase PdeB
[16:39:17] Modify product: Uncharacterized protein HI_1008 => putative protein
[16:39:17] Modify product: Probable multidrug resistance ABC transporter ATP-binding/permease protein YheI => putative multidrug resistance ABC transporter ATP-binding/permease protein YheI
[16:39:17] Modify product: Uncharacterized lipoprotein YbaY => putative lipoprotein YbaY
[16:39:17] Modify product: Probable 6-phospho-beta-glucosidase => putative 6-phospho-beta-glucosidase
[16:39:17] Modify product: Probable licABCH operon regulator => putative licABCH operon regulator
[16:39:17] Modify product: Deacetylase EF_0837 => Deacetylase
[16:39:17] Modify product: UPF0307 protein YjgA => hypothetical protein
[16:39:17] Modify product: UPF0053 inner membrane protein YtfL => hypothetical protein
[16:39:17] Modify product: Uncharacterized protein YtfJ => putative protein YtfJ
[16:39:17] Modify product: Uncharacterized MFS-type transporter YfcJ => putative MFS-type transporter YfcJ
[16:39:17] Modify product: Probable membrane transporter protein YfcA => putative membrane transporter protein YfcA
[16:39:17] Modify product: Probable fimbrial chaperone YadV => putative fimbrial chaperone YadV
[16:39:17] Modify product: Uncharacterized protein YbiI => putative protein YbiI
[16:39:17] Modify product: UPF0125 protein RatB => hypothetical protein
[16:39:17] Modify product: Uncharacterized protein YbfE => putative protein YbfE
[16:39:17] Modify product: Uncharacterized lipoprotein ChiQ => putative lipoprotein ChiQ
[16:39:17] Modify product: UPF0225 protein YchJ => hypothetical protein
[16:39:17] Modify product: Uncharacterized NTE family protein Rv1063c => putative NTE family protein
[16:39:17] Modify product: UPF0056 inner membrane protein MarC => hypothetical protein
[16:39:17] Modify product: UPF0263 protein YciU => hypothetical protein
[16:39:17] Modify product: Probable ketoamine kinase HMPREF0351_12196 => putative ketoamine kinase
[16:39:17] Modify product: Uncharacterized membrane protein YdfK => putative membrane protein YdfK
[16:39:17] Modify product: Uncharacterized protein YjdJ => putative protein YjdJ
[16:39:17] Modify product: Probable major fimbrial subunit LpfA => putative major fimbrial subunit LpfA
[16:39:17] Modify product: Probable fimbrial chaperone YadV => putative fimbrial chaperone YadV
[16:39:17] Modify product: Uncharacterized tRNA/rRNA methyltransferase YfiF => putative tRNA/rRNA methyltransferase YfiF
[16:39:17] Modify product: Stress response UPF0229 protein YhbH => hypothetical protein
[16:39:17] Modify product: UPF0301 protein YqgE => hypothetical protein
[16:39:17] Modify product: Uncharacterized protein YggR => putative protein YggR
[16:39:17] Modify product: UPF0235 protein YggU => hypothetical protein
[16:39:17] Modify product: Uncharacterized protein HI_0341 => putative protein
[16:39:17] Modify product: Probable Fe(2+)-trafficking protein => putative Fe(2+)-trafficking protein
[16:39:17] Modify product: Uncharacterized membrane protein YdfK => putative membrane protein YdfK
[16:39:17] Modify product: Probable fimbrial chaperone YraI => putative fimbrial chaperone YraI
[16:39:17] Modify product: Probable fimbrial chaperone protein ElfD => putative fimbrial chaperone protein ElfD
[16:39:17] Modify product: Probable fimbrial chaperone protein ElfD => putative fimbrial chaperone protein ElfD
[16:39:17] Modify product: Putative cystathionine beta-synthase Rv1077 => Putative cystathionine beta-synthase
[16:39:17] Modify product: GTP cyclohydrolase 1 type 2 homolog => GTP cyclohydrolase 1 type 2 
[16:39:17] Modify product: Probable transport protein HsrA => putative transport protein HsrA
[16:39:17] Modify product: Probable glucosamine-6-phosphate deaminase 2 => putative glucosamine-6-phosphate deaminase 2
[16:39:17] Modify product: Probable 2-dehydro-3-deoxygalactonokinase DgoK1 => putative 2-dehydro-3-deoxygalactonokinase DgoK1
[16:39:18] Modify product: UPF0234 protein YajQ => hypothetical protein
[16:39:18] Modify product: Uncharacterized lipoprotein YajI => putative lipoprotein YajI
[16:39:18] Modify product: Uncharacterized protein YaiA => putative protein YaiA
[16:39:18] Modify product: UPF0178 protein YaiI => hypothetical protein
[16:39:18] Modify product: Uncharacterized amino acid permease YhdG => putative amino acid permease YhdG
[16:39:18] Modify product: Leu/Ile/Val-binding protein homolog 3 => Leu/Ile/Val-binding protein 
[16:39:18] Modify product: Probable glutamine ABC transporter permease protein GlnP => putative glutamine ABC transporter permease protein GlnP
[16:39:18] Modify product: Uncharacterized periplasmic iron-binding protein HI_0362 => putative periplasmic iron-binding protein
[16:39:18] Modify product: Probable glucarate transporter => putative glucarate transporter
[16:39:18] Modify product: Probable peptidoglycan glycosyltransferase FtsW => putative peptidoglycan glycosyltransferase FtsW
[16:39:18] Modify product: UPF0231 protein YacL => hypothetical protein
[16:39:18] Modify product: Uncharacterized ABC transporter ATP-binding protein YadG => putative ABC transporter ATP-binding protein YadG
[16:39:18] Modify product: Probable transcriptional regulatory protein YebC => putative transcriptional regulatory protein YebC
[16:39:18] Modify product: Uncharacterized ABC transporter ATP-binding protein YheS => putative ABC transporter ATP-binding protein YheS
[16:39:18] Modify product: Uncharacterized oxidoreductase YghA => putative oxidoreductase YghA
[16:39:18] Modify product: UPF0702 transmembrane protein YetF => hypothetical protein
[16:39:18] Modify product: 23S rRNA 5-hydroxycytidine C2501 synthase => 23S rRNA 5-hydroxycytidine synthase
[16:39:18] Modify product: Probable UbiX-like flavin prenyltransferase => putative UbiX-like flavin prenyltransferase
[16:39:18] Modify product: UPF0381 protein YiiS => hypothetical protein
[16:39:18] Modify product: Uncharacterized transporter YycB => putative transporter YycB
[16:39:18] Modify product: Probable cyclic di-GMP phosphodiesterase PdeA => putative cyclic di-GMP phosphodiesterase PdeA
[16:39:18] Modify product: Uncharacterized protein HI_1163 => putative protein
[16:39:18] Modify product: Uncharacterized HTH-type transcriptional regulator RhmR => putative HTH-type transcriptional regulator RhmR
[16:39:18] Modify product: UPF0304 protein YfbU => hypothetical protein
[16:39:18] Modify product: UPF0208 membrane protein YfbV => hypothetical protein
[16:39:18] Modify product: Uncharacterized Nudix hydrolase YfcD => putative Nudix hydrolase YfcD
[16:39:18] Modify product: Epimerase family protein SA0724 => Epimerase family protein
[16:39:18] Modify product: Uncharacterized protein YedJ => putative protein YedJ
[16:39:18] Modify product: Uncharacterized inner membrane transporter YedA => putative inner membrane transporter YedA
[16:39:18] Modify product: Probable diguanylate cyclase DgcQ => putative diguanylate cyclase DgcQ
[16:39:18] Modify product: Probable ATP-dependent DNA helicase YoaA => putative ATP-dependent DNA helicase YoaA
[16:39:18] Modify product: Probable L-galactonate transporter => putative L-galactonate transporter
[16:39:18] Modify product: UPF0482 protein YnfB => hypothetical protein
[16:39:18] Modify product: Uncharacterized protein YnfD => putative protein YnfD
[16:39:18] Modify product: Probable major fimbrial subunit LpfA => putative major fimbrial subunit LpfA
[16:39:18] Modify product: Probable cyclic di-GMP phosphodiesterase PdeB => putative cyclic di-GMP phosphodiesterase PdeB
[16:39:18] Modify product: Probable cyclic di-GMP phosphodiesterase PdeB => putative cyclic di-GMP phosphodiesterase PdeB
[16:39:18] Modify product: Probable cyclic di-GMP phosphodiesterase PdeG => putative cyclic di-GMP phosphodiesterase PdeG
[16:39:18] Modify product: UPF0401 protein YkfF => hypothetical protein
[16:39:18] Modify product: UPF0758 protein => hypothetical protein
[16:39:18] Modify product: Probable glycerol-3-phosphate acyltransferase => putative glycerol-3-phosphate acyltransferase
[16:39:18] Modify product: Probable quinol monooxygenase YgiN => putative quinol monooxygenase YgiN
[16:39:18] Modify product: Uncharacterized MFS-type transporter YhjX => putative MFS-type transporter YhjX
[16:39:18] Modify product: Probable lipoprotein YiaD => putative lipoprotein YiaD
[16:39:18] Modify product: Uncharacterized membrane protein YhdT => putative membrane protein YhdT
[16:39:18] Modify product: Uncharacterized protein YhcO => putative protein YhcO
[16:39:18] Modify product: Probable acyltransferase YihG => putative acyltransferase YihG
[16:39:18] Modify product: Probable GTP-binding protein EngB => putative GTP-binding protein EngB
[16:39:18] Modify product: Uncharacterized protein YshB => putative protein YshB
[16:39:18] Modify product: UPF0761 membrane protein YihY => hypothetical protein
[16:39:18] Modify product: Uncharacterized protein YebV => putative protein YebV
[16:39:18] Modify product: Uncharacterized protein HI_0461 => putative protein
[16:39:18] Modify product: Uncharacterized MFS-type transporter YhhS => putative MFS-type transporter YhhS
[16:39:18] Modify product: Probable 4-amino-4-deoxy-L-arabinose-phosphoundecaprenol flippase subunit ArnF => putative 4-amino-4-deoxy-L-arabinose-phosphoundecaprenol flippase subunit ArnF
[16:39:18] Modify product: Probable 4-amino-4-deoxy-L-arabinose-phosphoundecaprenol flippase subunit ArnE => putative 4-amino-4-deoxy-L-arabinose-phosphoundecaprenol flippase subunit ArnE
[16:39:18] Modify product: Probable 4-deoxy-4-formamido-L-arabinose-phosphoundecaprenol deformylase ArnD => putative 4-deoxy-4-formamido-L-arabinose-phosphoundecaprenol deformylase ArnD
[16:39:18] Modify product: Uncharacterized protein HI_0933 => putative protein
[16:39:18] Modify product: Probable siderophore transport system permease protein YfhA => putative siderophore transport system permease protein YfhA
[16:39:18] Modify product: UPF0073 inner membrane protein YqfA => hypothetical protein
[16:39:18] Modify product: UPF0267 protein YqfB => hypothetical protein
[16:39:18] Modify product: Uncharacterized oxidoreductase YgfF => putative oxidoreductase YgfF
[16:39:18] Modify product: UPF0149 protein HI_0817 => hypothetical protein
[16:39:18] Modify product: Uncharacterized protein YdfO => putative protein YdfO
[16:39:18] Modify product: UPF0394 inner membrane protein YedE => hypothetical protein
[16:39:18] Modify product: Probable succinyl-CoA:3-ketoacid coenzyme A transferase subunit A => putative succinyl-CoA:3-ketoacid coenzyme A transferase subunit A
[16:39:18] Modify product: Probable succinyl-CoA:3-ketoacid coenzyme A transferase subunit B => putative succinyl-CoA:3-ketoacid coenzyme A transferase subunit B
[16:39:18] Modify product: Uncharacterized ABC transporter ATP-binding protein YbiT => putative ABC transporter ATP-binding protein YbiT
[16:39:18] Modify product: Probable L,D-transpeptidase YbiS => putative L,D-transpeptidase YbiS
[16:39:18] Modify product: Uncharacterized protein McbA => putative protein McbA
[16:39:18] Modify product: Uncharacterized protein YbiI => putative protein YbiI
[16:39:18] Modify product: Uncharacterized protein YbiB => putative protein YbiB
[16:39:18] Modify product: Probable glucarate transporter => putative glucarate transporter
[16:39:18] Modify product: UPF0194 membrane protein YbhG => hypothetical protein
[16:39:18] Modify product: Probable multidrug ABC transporter ATP-binding protein YbhF => putative multidrug ABC transporter ATP-binding protein YbhF
[16:39:18] Modify product: Probable multidrug ABC transporter permease YbhS => putative multidrug ABC transporter permease YbhS
[16:39:18] Modify product: Probable multidrug ABC transporter permease YbhR => putative multidrug ABC transporter permease YbhR
[16:39:18] Modify product: UPF0098 protein YbhB => hypothetical protein
[16:39:18] Modify product: Probable cation-transporting ATPase F => putative cation-transporting ATPase F
[16:39:18] Modify product: Probable two-component-system connector protein YcgZ => putative two-component-system connector protein YcgZ
[16:39:18] Modify product: Probable two-component-system connector protein AriR => putative two-component-system connector protein AriR
[16:39:18] Modify product: Uncharacterized protein Rv2569c => putative protein
[16:39:18] Modify product: Uncharacterized protein Rv2567 => putative protein
[16:39:18] Modify product: Uncharacterized protein Rv2411c => putative protein
[16:39:18] Modify product: Probable cyclic di-GMP phosphodiesterase PdeC => putative cyclic di-GMP phosphodiesterase PdeC
[16:39:18] Modify product: UPF0250 protein YbeD => hypothetical protein
[16:39:18] Modify product: Uncharacterized HTH-type transcriptional regulator YbdO => putative HTH-type transcriptional regulator YbdO
[16:39:18] Modify product: Uncharacterized HTH-type transcriptional regulator YbdO => putative HTH-type transcriptional regulator YbdO
[16:39:18] Modify product: Uncharacterized protein YbdM => putative protein YbdM
[16:39:18] Modify product: Uncharacterized sugar kinase YdjH => putative sugar kinase YdjH
[16:39:18] Modify product: UPF0597 protein YhaM => hypothetical protein
[16:39:18] Modify product: Probable fimbrial chaperone LpfB => putative fimbrial chaperone LpfB
[16:39:18] Modify product: Uncharacterized fimbrial-like protein YcbV => putative fimbrial-like protein YcbV
[16:39:18] Modify product: Probable transport protein HsrA => putative transport protein HsrA
[16:39:18] Modify product: Probable siderophore transport system ATP-binding protein YusV => putative siderophore transport system ATP-binding protein YusV
[16:39:18] Modify product: Uncharacterized protein YfgD => putative protein YfgD
[16:39:18] Modify product: Probable hydrolase YcaC => putative hydrolase YcaC
[16:39:18] Modify product: Uncharacterized protein YdcY => putative protein YdcY
[16:39:18] Modify product: UPF0381 protein YiiS => hypothetical protein
[16:39:18] Modify product: Uncharacterized protein YncE => putative protein YncE
[16:39:18] Modify product: Uncharacterized lipoprotein YgdR => putative lipoprotein YgdR
[16:39:18] Modify product: Uncharacterized protein YybH => putative protein YybH
[16:39:18] Modify product: Uncharacterized protein YfeY => putative protein YfeY
[16:39:18] Modify product: Uncharacterized protein YcgM => putative protein YcgM
[16:39:18] Modify product: Uncharacterized protein YeaR => putative protein YeaR
[16:39:18] Modify product: Uncharacterized protein YbjN => putative protein YbjN
[16:39:18] Modify product: Probable fimbrial chaperone EcpE => putative fimbrial chaperone EcpE
[16:39:18] Modify product: Probable outer membrane usher protein EcpC => putative outer membrane usher protein EcpC
[16:39:18] Modify product: Probable fimbrial chaperone EcpB => putative fimbrial chaperone EcpB
[16:39:18] Modify product: Putative transport protein Rv1101c => Putative transport protein
[16:39:18] Modify product: UPF0352 protein YejL => hypothetical protein
[16:39:18] Modify product: Uncharacterized protein YejG => putative protein YejG
[16:39:18] Modify product: Uncharacterized ABC transporter ATP-binding protein YejF => putative ABC transporter ATP-binding protein YejF
[16:39:18] Modify product: Probable cyclic di-GMP phosphodiesterase PdeN => putative cyclic di-GMP phosphodiesterase PdeN
[16:39:18] Modify product: UPF0153 protein YeiW => hypothetical protein
[16:39:18] Modify product: UPF0324 inner membrane protein YeiH => hypothetical protein
[16:39:18] Modify product: UPF0299 membrane protein YohJ => hypothetical protein
[16:39:18] Modify product: Probable allantoin permease => putative allantoin permease
[16:39:18] Modify product: Putative thiamine biosynthesis protein HI_0357 => Putative thiamine biosynthesis protein
[16:39:18] Modify product: Uncharacterized inner membrane transporter YicL => putative inner membrane transporter YicL
[16:39:18] Modify product: UPF0387 membrane protein YohO => hypothetical protein
[16:39:18] Modify product: Uncharacterized N-acetyltransferase YafP => putative N-acetyltransferase YafP
[16:39:18] Modify product: Uncharacterized protein YeaR => putative protein YeaR
[16:39:18] Modify product: Probable FMN/FAD exporter YeeO => putative FMN/FAD exporter YeeO
[16:39:18] Modify product: Probable acrylyl-CoA reductase AcuI => putative acrylyl-CoA reductase AcuI
[16:39:18] Modify product: Probable L,D-transpeptidase ErfK/SrfK => putative L,D-transpeptidase ErfK/SrfK
[16:39:18] Modify product: Uncharacterized HTH-type transcriptional regulator CBU_1416 => putative HTH-type transcriptional regulator
[16:39:18] Modify product: Uncharacterized ABC transporter ATP-binding protein YheS => putative ABC transporter ATP-binding protein YheS
[16:39:18] Modify product: Uncharacterized protein YycE => putative protein YycE
[16:39:18] Modify product: Uncharacterized MFS-type transporter YhhS => putative MFS-type transporter YhhS
[16:39:18] Modify product: Uncharacterized GST-like protein YibF => putative GST-like protein YibF
[16:39:18] Modify product: Uncharacterized protein YibL => putative protein YibL
[16:39:18] Modify product: Uncharacterized protein YibN => putative protein YibN
[16:39:18] Modify product: UPF0758 protein YsxA => hypothetical protein
[16:39:18] Modify product: Probable multidrug ABC transporter permease YbhR => putative multidrug ABC transporter permease YbhR
[16:39:18] Modify product: Probable multidrug ABC transporter ATP-binding protein YbhF => putative multidrug ABC transporter ATP-binding protein YbhF
[16:39:18] Modify product: UPF0194 membrane protein YbhG => hypothetical protein
[16:39:18] Modify product: UPF0701 protein YicC => hypothetical protein
[16:39:18] Modify product: Uncharacterized protein Rv1998c => putative protein
[16:39:18] Modify product: UPF0126 inner membrane protein YicG => hypothetical protein
[16:39:18] Modify product: UPF0311 protein CA_C3321 => hypothetical protein
[16:39:18] Modify product: Zinc-type alcohol dehydrogenase-like protein SA1988 => Zinc-type alcohol dehydrogenase-like protein
[16:39:18] Modify product: Acetyltransferase Atu2258 => Acetyltransferase
[16:39:18] Modify product: UPF0053 inner membrane protein YfjD => hypothetical protein
[16:39:18] Modify product: Probable D,D-dipeptide transport system permease protein DdpC => putative D,D-dipeptide transport system permease protein DdpC
[16:39:18] Modify product: Probable D,D-dipeptide-binding periplasmic protein DdpA => putative D,D-dipeptide-binding periplasmic protein DdpA
[16:39:18] Modify product: UPF0337 protein YjbJ => hypothetical protein
[16:39:18] Modify product: Uncharacterized protein YjbR => putative protein YjbR
[16:39:18] Modify product: Probable L,D-transpeptidase YcfS => putative L,D-transpeptidase YcfS
[16:39:18] Modify product: UPF0227 protein YcfP => hypothetical protein
[16:39:18] Modify product: Uncharacterized metal-dependent hydrolase YcfH => putative metal-dependent hydrolase YcfH
[16:39:18] Modify product: Probable fimbrial chaperone YraI => putative fimbrial chaperone YraI
[16:39:18] Modify product: Probable HTH-type transcriptional regulator YgaV => putative HTH-type transcriptional regulator YgaV
[16:39:18] Modify product: Uncharacterized protein YgaM => putative protein YgaM
[16:39:18] Modify product: Uncharacterized protein Rv3292 => putative protein
[16:39:18] Modify product: Probable transporter SCO4007 => putative transporter
[16:39:18] Modify product: Uncharacterized oxidoreductase YdgJ => putative oxidoreductase YdgJ
[16:39:18] Modify product: Uncharacterized HTH-type transcriptional regulator YahB => putative HTH-type transcriptional regulator YahB
[16:39:18] Modify product: PKHD-type hydroxylase Sbal_3634 => PKHD-type hydroxylase
[16:39:18] Modify product: UPF0259 membrane protein YciC => hypothetical protein
[16:39:18] Modify product: Probable intracellular septation protein A => putative intracellular septation protein A
[16:39:18] Modify product: Uncharacterized acyl-CoA thioester hydrolase HI_0827 => putative acyl-CoA thioester hydrolase
[16:39:19] Modify product: UPF0265 protein YeeX => hypothetical protein
[16:39:19] Modify product: UPF0053 inner membrane protein YoaE => hypothetical protein
[16:39:19] Modify product: 23S rRNA 5-hydroxycytidine C2501 synthase => 23S rRNA 5-hydroxycytidine synthase
[16:39:19] Modify product: Probable lipid kinase YegS => putative lipid kinase YegS
[16:39:19] Modify product: Probable DNA endonuclease SmrA => putative DNA endonuclease SmrA
[16:39:19] Modify product: Probable cystine transporter YijE => putative cystine transporter YijE
[16:39:19] Modify product: Uncharacterized protein HI_1472 => putative protein
[16:39:19] Modify product: Probable ABC transporter permease protein HI_1471 => putative ABC transporter permease protein
[16:39:19] Modify product: Uncharacterized ABC transporter ATP-binding protein HI_1470 => putative ABC transporter ATP-binding protein
[16:39:19] Modify product: Probable L,D-transpeptidase YnhG => putative L,D-transpeptidase YnhG
[16:39:19] Modify product: Probable ATP-dependent transporter SufC => putative ATP-dependent transporter SufC
[16:39:19] Modify product: Probable cobalt-factor III C(17)-methyltransferase => putative cobalt-factor III C(17)-methyltransferase
[16:39:19] Modify product: Uncharacterized lipoprotein YgdR => putative lipoprotein YgdR
[16:39:19] Modify product: UPF0382 inner membrane protein YgdD => hypothetical protein
[16:39:19] Modify product: Uncharacterized HTH-type transcriptional regulator YdjF => putative HTH-type transcriptional regulator YdjF
[16:39:19] Modify product: Uncharacterized protein YqcC => putative protein YqcC
[16:39:19] Modify product: Uncharacterized protein PA3435 => putative protein
[16:39:19] Modify product: Probable glucarate transporter => putative glucarate transporter
[16:39:19] Modify product: Probable galactarate transporter => putative galactarate transporter
[16:39:19] Modify product: Uncharacterized isomerase YddE => putative isomerase YddE
[16:39:19] Modify product: UPF0056 inner membrane protein MarC => hypothetical protein
[16:39:19] Modify product: Probable amino-acid metabolite efflux pump => putative amino-acid metabolite efflux pump
[16:39:19] Modify product: Probable succinyl-diaminopimelate desuccinylase => putative succinyl-diaminopimelate desuccinylase
[16:39:19] Modify product: Probable 3-hydroxyisobutyrate dehydrogenase => putative 3-hydroxyisobutyrate dehydrogenase
[16:39:19] Modify product: Uncharacterized signaling protein CC_0091 => putative signaling protein
[16:39:19] Modify product: Probable fimbrial chaperone YraI => putative fimbrial chaperone YraI
[16:39:19] Modify product: Probable zinc-binding alcohol dehydrogenase Rv1895 => putative zinc-binding alcohol dehydrogenase
[16:39:19] Modify product: Uncharacterized membrane protein YoaK => putative membrane protein YoaK
[16:39:19] Modify product: Protein SlyX homolog => Protein SlyX 
[16:39:19] Modify product: Uncharacterized ABC transporter ATP-binding protein YheS => putative ABC transporter ATP-binding protein YheS
[16:39:19] Modify product: UPF0270 protein PA3463 => hypothetical protein
[16:39:19] Modify product: Probable protein adenylyltransferase Fic => putative protein adenylyltransferase Fic
[16:39:19] Modify product: Uncharacterized protein YhfG => putative protein YhfG
[16:39:19] Modify product: Uncharacterized oxidoreductase YtbE => putative oxidoreductase YtbE
[16:39:19] Modify product: Uncharacterized protein PA2218 => putative protein
[16:39:19] Modify product: UPF0509 protein YciZ => hypothetical protein
[16:39:19] Modify product: Uncharacterized protein YciH => putative protein YciH
[16:39:19] Modify product: Probable protease SohB => putative protease SohB
[16:39:19] Modify product: Uncharacterized oxidoreductase YciK => putative oxidoreductase YciK
[16:39:19] Modify product: Uncharacterized protein YciO => putative protein YciO
[16:39:19] Modify product: Probable tartrate dehydrogenase/decarboxylase TtuC' => putative tartrate dehydrogenase/decarboxylase TtuC'
[16:39:19] Modify product: UPF0401 protein YkfF => hypothetical protein
[16:39:19] Modify product: Probable transcriptional regulator PhnF => putative transcriptional regulator PhnF
[16:39:19] Modify product: Probable 2-dehydro-3-deoxygalactonokinase DgoK1 => putative 2-dehydro-3-deoxygalactonokinase DgoK1
[16:39:19] Modify product: UPF0442 protein YjjB => hypothetical protein
[16:39:19] Modify product: Uncharacterized metal-dependent hydrolase YjjV => putative metal-dependent hydrolase YjjV
[16:39:19] Modify product: Probable inner membrane protein Smp => putative inner membrane protein Smp
[16:39:19] Modify product: Uncharacterized lipoprotein YgdR => putative lipoprotein YgdR
[16:39:19] Modify product: UPF0070 protein HI_0370 => hypothetical protein
[16:39:19] Modify product: Uncharacterized protein YfgJ => putative protein YfgJ
[16:39:19] Modify product: Probable D,D-dipeptide transport ATP-binding protein DdpF => putative D,D-dipeptide transport ATP-binding protein DdpF
[16:39:19] Modify product: Probable cation-transporting ATPase F => putative cation-transporting ATPase F
[16:39:19] Modify product: Uncharacterized protein Rv0906 => putative protein
[16:39:19] Modify product: Uncharacterized protein YncE => putative protein YncE
[16:39:19] Modify product: Uncharacterized protein YccJ => putative protein YccJ
[16:39:19] Modify product: Probable malonic semialdehyde reductase RutE => putative malonic semialdehyde reductase RutE
[16:39:19] Modify product: Uncharacterized protein YbiU => putative protein YbiU
[16:39:19] Modify product: Probable D,D-dipeptide transport system permease protein DdpC => putative D,D-dipeptide transport system permease protein DdpC
[16:39:19] Modify product: UPF0438 protein YifE => hypothetical protein
[16:39:19] Modify product: Uncharacterized membrane protein YdfK => putative membrane protein YdfK
[16:39:19] Modify product: Probable ECA polymerase => putative ECA polymerase
[16:39:19] Modify product: Probable ECA polymerase => putative ECA polymerase
[16:39:19] Modify product: Probable transport protein YifK => putative transport protein YifK
[16:39:19] Modify product: Probable protein kinase UbiB => putative protein kinase UbiB
[16:39:19] Modify product: Uncharacterized methyltransferase YcgJ => putative methyltransferase YcgJ
[16:39:19] Modify product: Uncharacterized protein Rv2277c => putative protein
[16:39:19] Modify product: Uncharacterized N-acetyltransferase YafP => putative N-acetyltransferase YafP
[16:39:19] Modify product: UPF0255 protein VV1_0328 => hypothetical protein
[16:39:19] Modify product: Uncharacterized protein YjhP => putative protein YjhP
[16:39:19] Modify product: Probable phosphatase Rv3661 => putative phosphatase
[16:39:19] Modify product: Uncharacterized protein YhhA => putative protein YhhA
[16:39:19] Modify product: Uncharacterized oxidoreductase YhhX => putative oxidoreductase YhhX
[16:39:19] Modify product: Probable [Fe-S]-dependent transcriptional repressor => putative [Fe-S]-dependent transcriptional repressor
[16:39:19] Modify product: Probable cyclic di-GMP phosphodiesterase PdeK => putative cyclic di-GMP phosphodiesterase PdeK
[16:39:19] Modify product: Uncharacterized ABC transporter ATP-binding protein YejF => putative ABC transporter ATP-binding protein YejF
[16:39:19] Modify product: Probable nitrate reductase molybdenum cofactor assembly chaperone NarW => putative nitrate reductase molybdenum cofactor assembly chaperone NarW
[16:39:19] Modify product: Uncharacterized protein HI_0431 => putative protein
[16:39:19] Modify product: Probable cyclic di-GMP phosphodiesterase PdeG => putative cyclic di-GMP phosphodiesterase PdeG
[16:39:19] Modify product: Putative anti-sigma factor antagonist TM_1442 => Putative anti-sigma factor antagonist
[16:39:19] Modify product: UPF0098 protein YbcL => hypothetical protein
[16:39:19] Modify product: Uncharacterized protein YccU => putative protein YccU
[16:39:19] Modify product: Uncharacterized protein YcbX => putative protein YcbX
[16:39:19] Modify product: Probable L,D-transpeptidase YcbB => putative L,D-transpeptidase YcbB
[16:39:19] Modify product: UPF0434 protein YcaR => hypothetical protein
[16:39:19] Modify product: Probable formate transporter 1 => putative formate transporter 1
[16:39:19] Modify product: Uncharacterized MFS-type transporter YcaD => putative MFS-type transporter YcaD
[16:39:19] Modify product: Uncharacterized protein YqjD => putative protein YqjD
[16:39:19] Modify product: Probable galactarate transporter => putative galactarate transporter
[16:39:19] Modify product: UPF0102 protein RPA0323 => hypothetical protein
[16:39:19] Modify product: Probable cadaverine/lysine antiporter => putative cadaverine/lysine antiporter
[16:39:19] Modify product: Bifunctional protein FolD => Bifunctional protein FolD protein
[16:39:19] Modify product: Uncharacterized protein YbcJ => putative protein YbcJ
[16:39:19] Modify product: Uncharacterized ABC transporter ATP-binding protein Rv0986 => putative ABC transporter ATP-binding protein
[16:39:19] Modify product: Probable iron export permease protein FetB => putative iron export permease protein FetB
[16:39:19] Modify product: Probable iron export ATP-binding protein FetA => putative iron export ATP-binding protein FetA
[16:39:19] Cleaned 328 /product names
[16:39:19] Deleting unwanted file: kleb_annotation/PROKKA_04092024.sprot.tmp.14028.faa
[16:39:19] Deleting unwanted file: kleb_annotation/PROKKA_04092024.sprot.tmp.14028.blast
[16:39:19] There are still 1557 unannotated CDS left (started with 5266)
[16:39:19] Will use hmmer3 to search against /Users/jairtorres/miniforge3/db/hmm/HAMAP.hmm with 8 CPUs
[16:39:19] Running: cat kleb_annotation\/PROKKA_04092024\.HAMAP\.hmm\.tmp\.14028\.faa | parallel --gnu --plain -j 8 --block 23774 --recstart '>' --pipe hmmscan --noali --notextw --acc -E 1e-09 --cpu 1 /Users/jairtorres/miniforge3/db/hmm/HAMAP.hmm /dev/stdin > kleb_annotation\/PROKKA_04092024\.HAMAP\.hmm\.tmp\.14028\.hmmer3 2> /dev/null
[16:39:36] Modify product: Uncharacterized Nudix hydrolase NudL => putative Nudix hydrolase NudL
[16:39:36] Modify product: Uncharacterized MFS-type transporter YfcJ => putative MFS-type transporter YfcJ
[16:39:36] Modify product: Uncharacterized MFS-type transporter YcaD => putative MFS-type transporter YcaD
[16:39:36] Cleaned 3 /product names
[16:39:36] Deleting unwanted file: kleb_annotation/PROKKA_04092024.HAMAP.hmm.tmp.14028.faa
[16:39:36] Deleting unwanted file: kleb_annotation/PROKKA_04092024.HAMAP.hmm.tmp.14028.hmmer3
[16:39:36] Labelling remaining 1404 proteins as 'hypothetical protein'
[16:39:36] Possible /pseudo 'Formate dehydrogenase H' at 4325 position 11440
[16:39:36] Possible /pseudo 'putative cyclic di-GMP phosphodiesterase PdeB' at 4892 position 30594
[16:39:36] Possible /pseudo 'Inorganic triphosphatase' at 4897 position 33615
[16:39:36] Possible /pseudo 'Phosphoglucosamine mutase' at 4901 position 93043
[16:39:36] Possible /pseudo 'Enterobactin synthase component F' at 4902 position 13380
[16:39:36] Possible /pseudo 'IS3 family transposase ISEc15' at 4918 position 13684
[16:39:36] Possible /pseudo 'Formate dehydrogenase-O major subunit' at 4926 position 27800
[16:39:36] Possible /pseudo 'N-succinylarginine dihydrolase' at 4942 position 260
[16:39:36] Possible /pseudo 'Formimidoylglutamase' at 4948 position 65874
[16:39:36] Possible /pseudo 'putative protein' at 4950 position 19670
[16:39:36] Possible /pseudo 'putative protein' at 4950 position 20593
[16:39:36] Possible /pseudo 'Manganese transport system membrane protein MntB' at 4953 position 17413
[16:39:36] Possible /pseudo 'UDP-N-acetylmuramate--L-alanine ligase' at 4956 position 47167
[16:39:36] Possible /pseudo 'KHG/KDPG aldolase' at 4959 position 20096
[16:39:36] Possible /pseudo 'NADH-quinone oxidoreductase subunit C/D' at 4965 position 30625
[16:39:36] Possible /pseudo 'D-amino acid dehydrogenase' at 4970 position 35532
[16:39:36] Possible /pseudo 'ISKra4 family transposase ISCep1' at 4971 position 37667
[16:39:36] Possible /pseudo 'S-adenosylmethionine synthase' at 4980 position 2487
[16:39:36] Possible /pseudo 'Formate dehydrogenase H' at 4981 position 25863
[16:39:36] Possible /pseudo 'Protein ViaA' at 4987 position 12929
[16:39:36] Possible /pseudo 'PTS system N-acetylmuramic acid-specific EIIBC component' at 4995 position 14418
[16:39:36] Possible /pseudo 'Cobyrinate a,c-diamide synthase' at 5000 position 7251
[16:39:36] Possible /pseudo 'Glycerate 2-kinase' at 5011 position 71578
[16:39:36] Possible /pseudo 'High-affinity branched-chain amino acid transport ATP-binding protein LivF' at 5017 position 20300
[16:39:36] Possible /pseudo 'Outer membrane porin C' at 5018 position 2020
[16:39:36] Possible /pseudo 'HTH-type transcriptional regulator DmlR' at 5019 position 29751
[16:39:36] Possible /pseudo 'N-acetylcysteine deacetylase' at 5030 position 553
[16:39:36] Possible /pseudo '3-oxoadipate CoA-transferase subunit A' at 5042 position 2914
[16:39:36] Possible /pseudo 'Homoprotocatechuate catabolism bifunctional isomerase/decarboxylase' at 5050 position 14566
[16:39:36] Possible /pseudo 'Lipoprotein-releasing system ATP-binding protein LolD' at 5059 position 12730
[16:39:36] Possible /pseudo 'Ribosomal RNA small subunit methyltransferase C' at 5063 position 27630
[16:39:36] Possible /pseudo 'IS3 family transposase IS1400' at 5065 position 38138
[16:39:36] Possible /pseudo 'IS3 family transposase ISYpe1' at 5065 position 44842
[16:39:36] Possible /pseudo 'Formate dehydrogenase, nitrate-inducible, major subunit' at 5067 position 9514
[16:39:36] Possible /pseudo 'Putative nucleoside transporter YegT' at 5069 position 35603
[16:39:36] Possible /pseudo 'NADP/NAD-dependent aldehyde dehydrogenase PuuC' at 5070 position 4261
[16:39:36] Possible /pseudo 'Respiratory nitrate reductase 2 alpha chain' at 5073 position 5167
[16:39:36] Possible /pseudo 'N-succinylglutamate 5-semialdehyde dehydrogenase' at 5074 position 4564
[16:39:36] Possible /pseudo 'Peptidyl-prolyl cis-trans isomerase C' at 5084 position 13269
[16:39:36] Possible /pseudo 'putative ECA polymerase' at 5084 position 34807
[16:39:36] Possible /pseudo 'Succinate-semialdehyde dehydrogenase [NADP(+)] GabD' at 5084 position 122179
[16:39:36] Found 2956 unique /gene codes.
[16:39:36] Fixed 2 duplicate /gene - tuf1_1 tuf1_2
[16:39:36] Fixed 2 duplicate /gene - bcsB_1 bcsB_2
[16:39:36] Fixed 2 duplicate /gene - manZ_1 manZ_2
[16:39:36] Fixed 2 duplicate /gene - rppH_1 rppH_2
[16:39:36] Fixed 2 duplicate /gene - fruB_1 fruB_2
[16:39:36] Fixed 2 duplicate /gene - lacZ_1 lacZ_2
[16:39:36] Fixed 2 duplicate /gene - gltR_1 gltR_2
[16:39:36] Fixed 3 duplicate /gene - fimC_1 fimC_2 fimC_3
[16:39:36] Fixed 3 duplicate /gene - cydA_1 cydA_2 cydA_3
[16:39:36] Fixed 2 duplicate /gene - catM_1 catM_2
[16:39:36] Fixed 3 duplicate /gene - bla_1 bla_2 bla_3
[16:39:36] Fixed 4 duplicate /gene - fdhF_1 fdhF_2 fdhF_3 fdhF_4
[16:39:36] Fixed 2 duplicate /gene - fhuA_1 fhuA_2
[16:39:36] Fixed 2 duplicate /gene - cycA_1 cycA_2
[16:39:36] Fixed 2 duplicate /gene - kduD_1 kduD_2
[16:39:36] Fixed 2 duplicate /gene - hyfA_1 hyfA_2
[16:39:36] Fixed 2 duplicate /gene - frmR_1 frmR_2
[16:39:36] Fixed 2 duplicate /gene - yafP_1 yafP_2
[16:39:36] Fixed 2 duplicate /gene - mngR_1 mngR_2
[16:39:36] Fixed 5 duplicate /gene - rbsA_1 rbsA_2 rbsA_3 rbsA_4 rbsA_5
[16:39:36] Fixed 2 duplicate /gene - yohK_1 yohK_2
[16:39:36] Fixed 7 duplicate /gene - glnQ_1 glnQ_2 glnQ_3 glnQ_4 glnQ_5 glnQ_6 glnQ_7
[16:39:36] Fixed 2 duplicate /gene - flu_1 flu_2
[16:39:36] Fixed 3 duplicate /gene - lrp_1 lrp_2 lrp_3
[16:39:36] Fixed 2 duplicate /gene - metK_1 metK_2
[16:39:36] Fixed 3 duplicate /gene - pdeG_1 pdeG_2 pdeG_3
[16:39:36] Fixed 2 duplicate /gene - kefC_1 kefC_2
[16:39:36] Fixed 2 duplicate /gene - norR_1 norR_2
[16:39:36] Fixed 2 duplicate /gene - bglH_1 bglH_2
[16:39:36] Fixed 3 duplicate /gene - pcaR_1 pcaR_2 pcaR_3
[16:39:36] Fixed 2 duplicate /gene - dsdC_1 dsdC_2
[16:39:36] Fixed 2 duplicate /gene - lpfA_1 lpfA_2
[16:39:36] Fixed 3 duplicate /gene - ssuB_1 ssuB_2 ssuB_3
[16:39:36] Fixed 2 duplicate /gene - cytR_1 cytR_2
[16:39:36] Fixed 3 duplicate /gene - sasA_1 sasA_2 sasA_3
[16:39:36] Fixed 5 duplicate /gene - nimR_1 nimR_2 nimR_3 nimR_4 nimR_5
[16:39:36] Fixed 3 duplicate /gene - xylB_1 xylB_2 xylB_3
[16:39:36] Fixed 2 duplicate /gene - lexA_1 lexA_2
[16:39:36] Fixed 2 duplicate /gene - can_1 can_2
[16:39:36] Fixed 2 duplicate /gene - abaF_1 abaF_2
[16:39:36] Fixed 2 duplicate /gene - glgS_1 glgS_2
[16:39:36] Fixed 2 duplicate /gene - ugpC_1 ugpC_2
[16:39:36] Fixed 2 duplicate /gene - phoP_1 phoP_2
[16:39:36] Fixed 2 duplicate /gene - ydiB_1 ydiB_2
[16:39:36] Fixed 11 duplicate /gene - fabG_1 fabG_2 fabG_3 fabG_4 fabG_5 fabG_6 fabG_7 fabG_8 fabG_9 fabG_10 fabG_11
[16:39:36] Fixed 2 duplicate /gene - yeaR_1 yeaR_2
[16:39:36] Fixed 2 duplicate /gene - mak_1 mak_2
[16:39:36] Fixed 4 duplicate /gene - rbsK_1 rbsK_2 rbsK_3 rbsK_4
[16:39:36] Fixed 2 duplicate /gene - gntR_1 gntR_2
[16:39:36] Fixed 2 duplicate /gene - fim_1 fim_2
[16:39:36] Fixed 3 duplicate /gene - tsaR_1 tsaR_2 tsaR_3
[16:39:36] Fixed 2 duplicate /gene - ilvI_1 ilvI_2
[16:39:36] Fixed 2 duplicate /gene - dnaA_1 dnaA_2
[16:39:36] Fixed 2 duplicate /gene - yejF_1 yejF_2
[16:39:36] Fixed 3 duplicate /gene - mglA_1 mglA_2 mglA_3
[16:39:36] Fixed 2 duplicate /gene - artM_1 artM_2
[16:39:36] Fixed 2 duplicate /gene - galR_1 galR_2
[16:39:36] Fixed 2 duplicate /gene - asd_1 asd_2
[16:39:36] Fixed 2 duplicate /gene - hisQ_1 hisQ_2
[16:39:36] Fixed 3 duplicate /gene - cmpR_1 cmpR_2 cmpR_3
[16:39:36] Fixed 2 duplicate /gene - amaB_1 amaB_2
[16:39:36] Fixed 2 duplicate /gene - hxpB_1 hxpB_2
[16:39:36] Fixed 2 duplicate /gene - nfdA_1 nfdA_2
[16:39:36] Fixed 5 duplicate /gene - gltC_1 gltC_2 gltC_3 gltC_4 gltC_5
[16:39:36] Fixed 2 duplicate /gene - cysG_1 cysG_2
[16:39:36] Fixed 3 duplicate /gene - intA_1 intA_2 intA_3
[16:39:36] Fixed 2 duplicate /gene - malG_1 malG_2
[16:39:36] Fixed 4 duplicate /gene - hipO_1 hipO_2 hipO_3 hipO_4
[16:39:36] Fixed 2 duplicate /gene - fdnG_1 fdnG_2
[16:39:36] Fixed 2 duplicate /gene - aaeA_1 aaeA_2
[16:39:36] Fixed 2 duplicate /gene - dapE_1 dapE_2
[16:39:36] Fixed 2 duplicate /gene - yhhT_1 yhhT_2
[16:39:36] Fixed 2 duplicate /gene - mutS_1 mutS_2
[16:39:36] Fixed 3 duplicate /gene - dapA_1 dapA_2 dapA_3
[16:39:36] Fixed 2 duplicate /gene - ybdG_1 ybdG_2
[16:39:36] Fixed 2 duplicate /gene - talB_1 talB_2
[16:39:36] Fixed 2 duplicate /gene - azoR_1 azoR_2
[16:39:36] Fixed 2 duplicate /gene - livJ_1 livJ_2
[16:39:36] Fixed 2 duplicate /gene - bepA_1 bepA_2
[16:39:36] Fixed 2 duplicate /gene - pduA_1 pduA_2
[16:39:36] Fixed 2 duplicate /gene - nodD2_1 nodD2_2
[16:39:36] Fixed 3 duplicate /gene - yraI_1 yraI_2 yraI_3
[16:39:36] Fixed 2 duplicate /gene - adhE_1 adhE_2
[16:39:36] Fixed 2 duplicate /gene - proA_1 proA_2
[16:39:36] Fixed 3 duplicate /gene - gstB_1 gstB_2 gstB_3
[16:39:36] Fixed 2 duplicate /gene - ppa_1 ppa_2
[16:39:36] Fixed 2 duplicate /gene - pduE_1 pduE_2
[16:39:36] Fixed 2 duplicate /gene - artQ_1 artQ_2
[16:39:36] Fixed 3 duplicate /gene - lptB_1 lptB_2 lptB_3
[16:39:36] Fixed 4 duplicate /gene - astD_1 astD_2 astD_3 astD_4
[16:39:36] Fixed 2 duplicate /gene - dppA_1 dppA_2
[16:39:36] Fixed 2 duplicate /gene - pdxA2_1 pdxA2_2
[16:39:36] Fixed 2 duplicate /gene - licH_1 licH_2
[16:39:36] Fixed 2 duplicate /gene - pat_1 pat_2
[16:39:36] Fixed 2 duplicate /gene - ftsA_1 ftsA_2
[16:39:36] Fixed 4 duplicate /gene - hdfR_1 hdfR_2 hdfR_3 hdfR_4
[16:39:36] Fixed 2 duplicate /gene - sorC_1 sorC_2
[16:39:36] Fixed 2 duplicate /gene - astE_1 astE_2
[16:39:36] Fixed 2 duplicate /gene - dppD_1 dppD_2
[16:39:36] Fixed 2 duplicate /gene - glmM_1 glmM_2
[16:39:36] Fixed 2 duplicate /gene - gsiD_1 gsiD_2
[16:39:36] Fixed 2 duplicate /gene - ybhF_1 ybhF_2
[16:39:36] Fixed 2 duplicate /gene - dnaK_1 dnaK_2
[16:39:36] Fixed 2 duplicate /gene - astA_1 astA_2
[16:39:36] Fixed 2 duplicate /gene - bluF_1 bluF_2
[16:39:36] Fixed 2 duplicate /gene - ugpB_1 ugpB_2
[16:39:36] Fixed 3 duplicate /gene - betI_1 betI_2 betI_3
[16:39:36] Fixed 2 duplicate /gene - gltJ_1 gltJ_2
[16:39:36] Fixed 3 duplicate /gene - ssuC_1 ssuC_2 ssuC_3
[16:39:36] Fixed 4 duplicate /gene - hexR_1 hexR_2 hexR_3 hexR_4
[16:39:36] Fixed 2 duplicate /gene - ygiW_1 ygiW_2
[16:39:36] Fixed 2 duplicate /gene - rafB_1 rafB_2
[16:39:36] Fixed 2 duplicate /gene - rlhA_1 rlhA_2
[16:39:36] Fixed 2 duplicate /gene - recF_1 recF_2
[16:39:36] Fixed 11 duplicate /gene - rhaS_1 rhaS_2 rhaS_3 rhaS_4 rhaS_5 rhaS_6 rhaS_7 rhaS_8 rhaS_9 rhaS_10 rhaS_11
[16:39:36] Fixed 2 duplicate /gene - ycaD_1 ycaD_2
[16:39:36] Fixed 4 duplicate /gene - metQ_1 metQ_2 metQ_3 metQ_4
[16:39:36] Fixed 2 duplicate /gene - glpT_1 glpT_2
[16:39:36] Fixed 2 duplicate /gene - epsE_1 epsE_2
[16:39:36] Fixed 2 duplicate /gene - lldD_1 lldD_2
[16:39:36] Fixed 5 duplicate /gene - mntB_1 mntB_2 mntB_3 mntB_4 mntB_5
[16:39:36] Fixed 3 duplicate /gene - rhtC_1 rhtC_2 rhtC_3
[16:39:36] Fixed 3 duplicate /gene - rob_1 rob_2 rob_3
[16:39:36] Fixed 2 duplicate /gene - kdgR_1 kdgR_2
[16:39:36] Fixed 3 duplicate /gene - umuD_1 umuD_2 umuD_3
[16:39:36] Fixed 3 duplicate /gene - emrA_1 emrA_2 emrA_3
[16:39:36] Fixed 2 duplicate /gene - map_1 map_2
[16:39:36] Fixed 2 duplicate /gene - aroP_1 aroP_2
[16:39:36] Fixed 2 duplicate /gene - rapA_1 rapA_2
[16:39:36] Fixed 2 duplicate /gene - dmsC_1 dmsC_2
[16:39:36] Fixed 2 duplicate /gene - ydfG_1 ydfG_2
[16:39:36] Fixed 2 duplicate /gene - yegT_1 yegT_2
[16:39:36] Fixed 2 duplicate /gene - msbA_1 msbA_2
[16:39:36] Fixed 3 duplicate /gene - acrB_1 acrB_2 acrB_3
[16:39:36] Fixed 5 duplicate /gene - chbA_1 chbA_2 chbA_3 chbA_4 chbA_5
[16:39:36] Fixed 2 duplicate /gene - iolU_1 iolU_2
[16:39:36] Fixed 2 duplicate /gene - lsrF_1 lsrF_2
[16:39:36] Fixed 2 duplicate /gene - cobC_1 cobC_2
[16:39:36] Fixed 2 duplicate /gene - msiK_1 msiK_2
[16:39:36] Fixed 2 duplicate /gene - fusA_1 fusA_2
[16:39:36] Fixed 2 duplicate /gene - acrR_1 acrR_2
[16:39:36] Fixed 2 duplicate /gene - msuD_1 msuD_2
[16:39:36] Fixed 2 duplicate /gene - viaA_1 viaA_2
[16:39:36] Fixed 3 duplicate /gene - bglA_1 bglA_2 bglA_3
[16:39:36] Fixed 3 duplicate /gene - ascG_1 ascG_2 ascG_3
[16:39:36] Fixed 2 duplicate /gene - ctpF_1 ctpF_2
[16:39:36] Fixed 2 duplicate /gene - fimG_1 fimG_2
[16:39:36] Fixed 2 duplicate /gene - tyrB_1 tyrB_2
[16:39:36] Fixed 9 duplicate /gene - pgrR_1 pgrR_2 pgrR_3 pgrR_4 pgrR_5 pgrR_6 pgrR_7 pgrR_8 pgrR_9
[16:39:36] Fixed 2 duplicate /gene - gpFI_1 gpFI_2
[16:39:36] Fixed 2 duplicate /gene - bioD1_1 bioD1_2
[16:39:36] Fixed 2 duplicate /gene - dctA_1 dctA_2
[16:39:36] Fixed 2 duplicate /gene - ygiF_1 ygiF_2
[16:39:36] Fixed 2 duplicate /gene - mdh_1 mdh_2
[16:39:36] Fixed 2 duplicate /gene - bhsA_1 bhsA_2
[16:39:36] Fixed 3 duplicate /gene - oprM_1 oprM_2 oprM_3
[16:39:36] Fixed 2 duplicate /gene - malT_1 malT_2
[16:39:36] Fixed 2 duplicate /gene - agp_1 agp_2
[16:39:36] Fixed 2 duplicate /gene - btuF_1 btuF_2
[16:39:36] Fixed 3 duplicate /gene - yhaJ_1 yhaJ_2 yhaJ_3
[16:39:36] Fixed 2 duplicate /gene - thpA_1 thpA_2
[16:39:36] Fixed 3 duplicate /gene - scmP_1 scmP_2 scmP_3
[16:39:36] Fixed 4 duplicate /gene - metI_1 metI_2 metI_3 metI_4
[16:39:36] Fixed 2 duplicate /gene - ksdD_1 ksdD_2
[16:39:36] Fixed 3 duplicate /gene - thlA_1 thlA_2 thlA_3
[16:39:36] Fixed 2 duplicate /gene - sad_1 sad_2
[16:39:36] Fixed 2 duplicate /gene - cutD_1 cutD_2
[16:39:36] Fixed 2 duplicate /gene - clcB_1 clcB_2
[16:39:36] Fixed 2 duplicate /gene - murQ_1 murQ_2
[16:39:36] Fixed 4 duplicate /gene - glpR_1 glpR_2 glpR_3 glpR_4
[16:39:36] Fixed 2 duplicate /gene - zntB_1 zntB_2
[16:39:36] Fixed 2 duplicate /gene - ubiJ_1 ubiJ_2
[16:39:36] Fixed 4 duplicate /gene - ompA_1 ompA_2 ompA_3 ompA_4
[16:39:36] Fixed 2 duplicate /gene - fdoG_1 fdoG_2
[16:39:36] Fixed 6 duplicate /gene - btuD_1 btuD_2 btuD_3 btuD_4 btuD_5 btuD_6
[16:39:36] Fixed 3 duplicate /gene - yicJ_1 yicJ_2 yicJ_3
[16:39:36] Fixed 2 duplicate /gene - pal_1 pal_2
[16:39:36] Fixed 2 duplicate /gene - entF_1 entF_2
[16:39:36] Fixed 2 duplicate /gene - ahpC_1 ahpC_2
[16:39:36] Fixed 6 duplicate /gene - rhaR_1 rhaR_2 rhaR_3 rhaR_4 rhaR_5 rhaR_6
[16:39:36] Fixed 2 duplicate /gene - nlpD_1 nlpD_2
[16:39:36] Fixed 2 duplicate /gene - osmY_1 osmY_2
[16:39:36] Fixed 19 duplicate /gene - dmlR_1 dmlR_2 dmlR_3 dmlR_4 dmlR_5 dmlR_6 dmlR_7 dmlR_8 dmlR_9 dmlR_10 dmlR_11 dmlR_12 dmlR_13 dmlR_14 dmlR_15 dmlR_16 dmlR_17 dmlR_18 dmlR_19
[16:39:36] Fixed 2 duplicate /gene - ftsH_1 ftsH_2
[16:39:36] Fixed 3 duplicate /gene - pdeB_1 pdeB_2 pdeB_3
[16:39:36] Fixed 2 duplicate /gene - xerD_1 xerD_2
[16:39:36] Fixed 2 duplicate /gene - shlB_1 shlB_2
[16:39:36] Fixed 4 duplicate /gene - garK_1 garK_2 garK_3 garK_4
[16:39:36] Fixed 3 duplicate /gene - dmsB_1 dmsB_2 dmsB_3
[16:39:36] Fixed 2 duplicate /gene - rsmC_1 rsmC_2
[16:39:36] Fixed 2 duplicate /gene - proY_1 proY_2
[16:39:36] Fixed 2 duplicate /gene - yhhS_1 yhhS_2
[16:39:36] Fixed 2 duplicate /gene - nuoC_1 nuoC_2
[16:39:36] Fixed 2 duplicate /gene - rhtB_1 rhtB_2
[16:39:36] Fixed 2 duplicate /gene - lpxL_1 lpxL_2
[16:39:36] Fixed 4 duplicate /gene - dam_1 dam_2 dam_3 dam_4
[16:39:36] Fixed 2 duplicate /gene - dgoA_1 dgoA_2
[16:39:36] Fixed 2 duplicate /gene - bamA_1 bamA_2
[16:39:36] Fixed 2 duplicate /gene - pyrG_1 pyrG_2
[16:39:36] Fixed 3 duplicate /gene - yheS_1 yheS_2 yheS_3
[16:39:36] Fixed 2 duplicate /gene - roxA_1 roxA_2
[16:39:36] Fixed 6 duplicate /gene - malP_1 malP_2 malP_3 malP_4 malP_5 malP_6
[16:39:36] Fixed 2 duplicate /gene - rutD_1 rutD_2
[16:39:36] Fixed 2 duplicate /gene - epsF_1 epsF_2
[16:39:36] Fixed 2 duplicate /gene - dgoK1_1 dgoK1_2
[16:39:36] Fixed 2 duplicate /gene - feaB_1 feaB_2
[16:39:36] Fixed 2 duplicate /gene - ftsI_1 ftsI_2
[16:39:36] Fixed 4 duplicate /gene - iolE_1 iolE_2 iolE_3 iolE_4
[16:39:36] Fixed 3 duplicate /gene - hin_1 hin_2 hin_3
[16:39:36] Fixed 3 duplicate /gene - slyA_1 slyA_2 slyA_3
[16:39:36] Fixed 3 duplicate /gene - glnH_1 glnH_2 glnH_3
[16:39:36] Fixed 2 duplicate /gene - cobT_1 cobT_2
[16:39:36] Fixed 2 duplicate /gene - xanP_1 xanP_2
[16:39:36] Fixed 2 duplicate /gene - lacI_1 lacI_2
[16:39:36] Fixed 3 duplicate /gene - hmuU_1 hmuU_2 hmuU_3
[16:39:36] Fixed 2 duplicate /gene - klcA_1 klcA_2
[16:39:36] Fixed 2 duplicate /gene - rbn_1 rbn_2
[16:39:36] Fixed 2 duplicate /gene - aptA_1 aptA_2
[16:39:36] Fixed 3 duplicate /gene - gabD_1 gabD_2 gabD_3
[16:39:36] Fixed 3 duplicate /gene - ulaA_1 ulaA_2 ulaA_3
[16:39:36] Fixed 2 duplicate /gene - uxuA_1 uxuA_2
[16:39:36] Fixed 2 duplicate /gene - bglF_1 bglF_2
[16:39:36] Fixed 2 duplicate /gene - mrdA_1 mrdA_2
[16:39:36] Fixed 3 duplicate /gene - hcpA_1 hcpA_2 hcpA_3
[16:39:36] Fixed 2 duplicate /gene - xylG_1 xylG_2
[16:39:36] Fixed 3 duplicate /gene - lsrD_1 lsrD_2 lsrD_3
[16:39:36] Fixed 2 duplicate /gene - bdcA_1 bdcA_2
[16:39:36] Fixed 2 duplicate /gene - glpF_1 glpF_2
[16:39:36] Fixed 3 duplicate /gene - benM_1 benM_2 benM_3
[16:39:36] Fixed 2 duplicate /gene - rluA_1 rluA_2
[16:39:36] Fixed 3 duplicate /gene - dgoT_1 dgoT_2 dgoT_3
[16:39:36] Fixed 2 duplicate /gene - cbiA_1 cbiA_2
[16:39:36] Fixed 2 duplicate /gene - ydhP_1 ydhP_2
[16:39:36] Fixed 3 duplicate /gene - argP_1 argP_2 argP_3
[16:39:36] Fixed 2 duplicate /gene - mrkD_1 mrkD_2
[16:39:36] Fixed 2 duplicate /gene - srlR_1 srlR_2
[16:39:36] Fixed 2 duplicate /gene - cobD_1 cobD_2
[16:39:36] Fixed 2 duplicate /gene - trmL_1 trmL_2
[16:39:36] Fixed 5 duplicate /gene - ttuB_1 ttuB_2 ttuB_3 ttuB_4 ttuB_5
[16:39:36] Fixed 2 duplicate /gene - vapC_1 vapC_2
[16:39:36] Fixed 2 duplicate /gene - rclR_1 rclR_2
[16:39:36] Fixed 3 duplicate /gene - uspG_1 uspG_2 uspG_3
[16:39:36] Fixed 2 duplicate /gene - ribX_1 ribX_2
[16:39:36] Fixed 3 duplicate /gene - menH_1 menH_2 menH_3
[16:39:36] Fixed 2 duplicate /gene - ibpB_1 ibpB_2
[16:39:36] Fixed 2 duplicate /gene - por_1 por_2
[16:39:36] Fixed 4 duplicate /gene - exuT_1 exuT_2 exuT_3 exuT_4
[16:39:36] Fixed 2 duplicate /gene - dmsA_1 dmsA_2
[16:39:36] Fixed 2 duplicate /gene - yofA_1 yofA_2
[16:39:36] Fixed 2 duplicate /gene - prmC_1 prmC_2
[16:39:36] Fixed 4 duplicate /gene - celA_1 celA_2 celA_3 celA_4
[16:39:36] Fixed 3 duplicate /gene - potA_1 potA_2 potA_3
[16:39:36] Fixed 2 duplicate /gene - eutB_1 eutB_2
[16:39:36] Fixed 3 duplicate /gene - umuC_1 umuC_2 umuC_3
[16:39:36] Fixed 3 duplicate /gene - ompR_1 ompR_2 ompR_3
[16:39:36] Fixed 2 duplicate /gene - zapE_1 zapE_2
[16:39:36] Fixed 3 duplicate /gene - iprA_1 iprA_2 iprA_3
[16:39:36] Fixed 4 duplicate /gene - ygdR_1 ygdR_2 ygdR_3 ygdR_4
[16:39:36] Fixed 3 duplicate /gene - dadA_1 dadA_2 dadA_3
[16:39:36] Fixed 2 duplicate /gene - ybdO_1 ybdO_2
[16:39:36] Fixed 2 duplicate /gene - ddrA_1 ddrA_2
[16:39:36] Fixed 2 duplicate /gene - srlB_1 srlB_2
[16:39:36] Fixed 2 duplicate /gene - puuC_1 puuC_2
[16:39:36] Fixed 2 duplicate /gene - intS_1 intS_2
[16:39:36] Fixed 3 duplicate /gene - gabR_1 gabR_2 gabR_3
[16:39:36] Fixed 3 duplicate /gene - suhB_1 suhB_2 suhB_3
[16:39:36] Fixed 2 duplicate /gene - acrF_1 acrF_2
[16:39:36] Fixed 2 duplicate /gene - betB_1 betB_2
[16:39:36] Fixed 2 duplicate /gene - ada_1 ada_2
[16:39:36] Fixed 2 duplicate /gene - cutC_1 cutC_2
[16:39:36] Fixed 2 duplicate /gene - rutB_1 rutB_2
[16:39:36] Fixed 2 duplicate /gene - aroE_1 aroE_2
[16:39:36] Fixed 3 duplicate /gene - soxS_1 soxS_2 soxS_3
[16:39:36] Fixed 2 duplicate /gene - ulaR_1 ulaR_2
[16:39:36] Fixed 2 duplicate /gene - fimH_1 fimH_2
[16:39:36] Fixed 2 duplicate /gene - ribZ_1 ribZ_2
[16:39:36] Fixed 2 duplicate /gene - murR_1 murR_2
[16:39:36] Fixed 2 duplicate /gene - topA_1 topA_2
[16:39:36] Fixed 2 duplicate /gene - yrdA_1 yrdA_2
[16:39:36] Fixed 2 duplicate /gene - narZ_1 narZ_2
[16:39:36] Fixed 2 duplicate /gene - ubiX_1 ubiX_2
[16:39:36] Fixed 3 duplicate /gene - era_1 era_2 era_3
[16:39:36] Fixed 2 duplicate /gene - ulaB_1 ulaB_2
[16:39:36] Fixed 2 duplicate /gene - aptB_1 aptB_2
[16:39:36] Fixed 2 duplicate /gene - fabD_1 fabD_2
[16:39:36] Fixed 3 duplicate /gene - lsrB_1 lsrB_2 lsrB_3
[16:39:36] Fixed 2 duplicate /gene - codA_1 codA_2
[16:39:36] Fixed 2 duplicate /gene - aspT_1 aspT_2
[16:39:36] Fixed 2 duplicate /gene - sdaC_1 sdaC_2
[16:39:36] Fixed 2 duplicate /gene - apbE_1 apbE_2
[16:39:36] Fixed 2 duplicate /gene - tam_1 tam_2
[16:39:36] Fixed 2 duplicate /gene - ydgJ_1 ydgJ_2
[16:39:36] Fixed 3 duplicate /gene - lysN_1 lysN_2 lysN_3
[16:39:36] Fixed 7 duplicate /gene - licC_1 licC_2 licC_3 licC_4 licC_5 licC_6 licC_7
[16:39:36] Fixed 2 duplicate /gene - namA_1 namA_2
[16:39:36] Fixed 6 duplicate /gene - xerC_1 xerC_2 xerC_3 xerC_4 xerC_5 xerC_6
[16:39:36] Fixed 2 duplicate /gene - ompN_1 ompN_2
[16:39:36] Fixed 3 duplicate /gene - csbX_1 csbX_2 csbX_3
[16:39:36] Fixed 5 duplicate /gene - oxyR_1 oxyR_2 oxyR_3 oxyR_4 oxyR_5
[16:39:36] Fixed 2 duplicate /gene - kgtP_1 kgtP_2
[16:39:36] Fixed 2 duplicate /gene - emrB_1 emrB_2
[16:39:36] Fixed 2 duplicate /gene - phnV_1 phnV_2
[16:39:36] Fixed 2 duplicate /gene - eutC_1 eutC_2
[16:39:36] Fixed 2 duplicate /gene - xylH_1 xylH_2
[16:39:36] Fixed 2 duplicate /gene - norW_1 norW_2
[16:39:36] Fixed 2 duplicate /gene - resA_1 resA_2
[16:39:36] Fixed 5 duplicate /gene - rcsC_1 rcsC_2 rcsC_3 rcsC_4 rcsC_5
[16:39:36] Fixed 3 duplicate /gene - lldR_1 lldR_2 lldR_3
[16:39:36] Fixed 2 duplicate /gene - murP_1 murP_2
[16:39:36] Fixed 2 duplicate /gene - cra_1 cra_2
[16:39:36] Fixed 4 duplicate /gene - dinI_1 dinI_2 dinI_3 dinI_4
[16:39:36] Fixed 3 duplicate /gene - livH_1 livH_2 livH_3
[16:39:36] Fixed 2 duplicate /gene - ygaZ_1 ygaZ_2
[16:39:36] Fixed 2 duplicate /gene - yfcJ_1 yfcJ_2
[16:39:36] Fixed 2 duplicate /gene - ompC_1 ompC_2
[16:39:36] Fixed 2 duplicate /gene - fabF_1 fabF_2
[16:39:36] Fixed 2 duplicate /gene - ftnA_1 ftnA_2
[16:39:36] Fixed 2 duplicate /gene - garP_1 garP_2
[16:39:36] Fixed 3 duplicate /gene - lon_1 lon_2 lon_3
[16:39:36] Fixed 2 duplicate /gene - mdtH_1 mdtH_2
[16:39:36] Fixed 2 duplicate /gene - tenA_1 tenA_2
[16:39:36] Fixed 2 duplicate /gene - lacG_1 lacG_2
[16:39:36] Fixed 2 duplicate /gene - elfD_1 elfD_2
[16:39:36] Fixed 2 duplicate /gene - glpE_1 glpE_2
[16:39:36] Fixed 5 duplicate /gene - fliY_1 fliY_2 fliY_3 fliY_4 fliY_5
[16:39:36] Fixed 2 duplicate /gene - ulaC_1 ulaC_2
[16:39:36] Fixed 2 duplicate /gene - nupC_1 nupC_2
[16:39:36] Fixed 3 duplicate /gene - mltF_1 mltF_2 mltF_3
[16:39:36] Fixed 2 duplicate /gene - malK_1 malK_2
[16:39:36] Fixed 2 duplicate /gene - glmS_1 glmS_2
[16:39:36] Fixed 2 duplicate /gene - murC_1 murC_2
[16:39:36] Fixed 2 duplicate /gene - hsrA_1 hsrA_2
[16:39:36] Fixed 2 duplicate /gene - bcr_1 bcr_2
[16:39:36] Fixed 2 duplicate /gene - yncE_1 yncE_2
[16:39:36] Fixed 2 duplicate /gene - rsxC_1 rsxC_2
[16:39:36] Fixed 2 duplicate /gene - rutC_1 rutC_2
[16:39:36] Fixed 2 duplicate /gene - yabI_1 yabI_2
[16:39:36] Fixed 2 duplicate /gene - ridA_1 ridA_2
[16:39:36] Fixed 3 duplicate /gene - purR_1 purR_2 purR_3
[16:39:36] Fixed 3 duplicate /gene - yecS_1 yecS_2 yecS_3
[16:39:36] Fixed 2 duplicate /gene - kdgK_1 kdgK_2
[16:39:36] Fixed 2 duplicate /gene - pcaI_1 pcaI_2
[16:39:36] Fixed 2 duplicate /gene - puuB_1 puuB_2
[16:39:36] Fixed 3 duplicate /gene - nepI_1 nepI_2 nepI_3
[16:39:36] Fixed 3 duplicate /gene - pncC_1 pncC_2 pncC_3
[16:39:36] Fixed 6 duplicate /gene - livF_1 livF_2 livF_3 livF_4 livF_5 livF_6
[16:39:36] Fixed 2 duplicate /gene - surE_1 surE_2
[16:39:36] Fixed 2 duplicate /gene - yciE_1 yciE_2
[16:39:36] Fixed 2 duplicate /gene - wzyE_1 wzyE_2
[16:39:36] Fixed 2 duplicate /gene - dsbA_1 dsbA_2
[16:39:36] Fixed 3 duplicate /gene - lamB_1 lamB_2 lamB_3
[16:39:36] Fixed 2 duplicate /gene - hcaB_1 hcaB_2
[16:39:36] Fixed 2 duplicate /gene - nagC_1 nagC_2
[16:39:36] Fixed 2 duplicate /gene - cdaR_1 cdaR_2
[16:39:36] Fixed 2 duplicate /gene - adh_1 adh_2
[16:39:36] Fixed 2 duplicate /gene - bcsQ_1 bcsQ_2
[16:39:36] Fixed 2 duplicate /gene - dsbD_1 dsbD_2
[16:39:36] Fixed 2 duplicate /gene - sgrR_1 sgrR_2
[16:39:36] Fixed 3 duplicate /gene - vldW_1 vldW_2 vldW_3
[16:39:36] Fixed 2 duplicate /gene - sbnD_1 sbnD_2
[16:39:36] Fixed 9 duplicate /gene - rbsC_1 rbsC_2 rbsC_3 rbsC_4 rbsC_5 rbsC_6 rbsC_7 rbsC_8 rbsC_9
[16:39:36] Fixed 2 duplicate /gene - leuE_1 leuE_2
[16:39:36] Fixed 2 duplicate /gene - clpP_1 clpP_2
[16:39:36] Fixed 2 duplicate /gene - nudK_1 nudK_2
[16:39:36] Fixed 3 duplicate /gene - scrY_1 scrY_2 scrY_3
[16:39:36] Fixed 2 duplicate /gene - lolD_1 lolD_2
[16:39:36] Fixed 2 duplicate /gene - hisC_1 hisC_2
[16:39:36] Fixed 2 duplicate /gene - aaeB_1 aaeB_2
[16:39:36] Fixed 2 duplicate /gene - xylF_1 xylF_2
[16:39:36] Fixed 2 duplicate /gene - leuA_1 leuA_2
[16:39:36] Fixed 2 duplicate /gene - artJ_1 artJ_2
[16:39:36] Fixed 2 duplicate /gene - sutR_1 sutR_2
[16:39:36] Fixed 2 duplicate /gene - fhuC_1 fhuC_2
[16:39:36] Fixed 2 duplicate /gene - cusC_1 cusC_2
[16:39:36] Fixed 8 duplicate /gene - fimD_1 fimD_2 fimD_3 fimD_4 fimD_5 fimD_6 fimD_7 fimD_8
[16:39:36] Fixed 2 duplicate /gene - fepA_1 fepA_2
[16:39:36] Fixed 2 duplicate /gene - yadV_1 yadV_2
[16:39:36] Fixed 2 duplicate /gene - gmuD_1 gmuD_2
[16:39:36] Fixed 2 duplicate /gene - dppB_1 dppB_2
[16:39:36] Fixed 2 duplicate /gene - yeaX_1 yeaX_2
[16:39:36] Fixed 3 duplicate /gene - ydfK_1 ydfK_2 ydfK_3
[16:39:36] Fixed 2 duplicate /gene - lyx_1 lyx_2
[16:39:36] Fixed 2 duplicate /gene - ugpA_1 ugpA_2
[16:39:36] Fixed 3 duplicate /gene - astB_1 astB_2 astB_3
[16:39:36] Fixed 3 duplicate /gene - ydcV_1 ydcV_2 ydcV_3
[16:39:36] Fixed 2 duplicate /gene - trxA_1 trxA_2
[16:39:36] Fixed 2 duplicate /gene - pdeH_1 pdeH_2
[16:39:36] Fixed 3 duplicate /gene - metC_1 metC_2 metC_3
[16:39:36] Fixed 2 duplicate /gene - gdhA_1 gdhA_2
[16:39:36] Fixed 2 duplicate /gene - carA_1 carA_2
[16:39:36] Fixed 5 duplicate /gene - cynR_1 cynR_2 cynR_3 cynR_4 cynR_5
[16:39:36] Fixed 2 duplicate /gene - cpdA_1 cpdA_2
[16:39:36] Fixed 2 duplicate /gene - hisJ_1 hisJ_2
[16:39:36] Fixed 2 duplicate /gene - rhlE_1 rhlE_2
[16:39:36] Fixed 2 duplicate /gene - mdtM_1 mdtM_2
[16:39:36] Fixed 6 duplicate /gene - gcvA_1 gcvA_2 gcvA_3 gcvA_4 gcvA_5 gcvA_6
[16:39:36] Fixed 2 duplicate /gene - mqo_1 mqo_2
[16:39:36] Fixed 2 duplicate /gene - oppA_1 oppA_2
[16:39:36] Fixed 2 duplicate /gene - araC_1 araC_2
[16:39:36] Fixed 3 duplicate /gene - gudP_1 gudP_2 gudP_3
[16:39:36] Fixed 5 duplicate /gene - yajO_1 yajO_2 yajO_3 yajO_4 yajO_5
[16:39:36] Fixed 2 duplicate /gene - yagG_1 yagG_2
[16:39:36] Fixed 3 duplicate /gene - metN_1 metN_2 metN_3
[16:39:36] Fixed 3 duplicate /gene - fruA_1 fruA_2 fruA_3
[16:39:36] Fixed 2 duplicate /gene - hpcE_1 hpcE_2
[16:39:36] Fixed 2 duplicate /gene - lpdC_1 lpdC_2
[16:39:36] Fixed 2 duplicate /gene - pgl_1 pgl_2
[16:39:36] Fixed 2 duplicate /gene - manP_1 manP_2
[16:39:36] Fixed 4 duplicate /gene - rbsR_1 rbsR_2 rbsR_3 rbsR_4
[16:39:36] Fixed 3 duplicate /gene - cydB_1 cydB_2 cydB_3
[16:39:36] Fixed 2 duplicate /gene - frmA_1 frmA_2
[16:39:36] Fixed 2 duplicate /gene - jefA_1 jefA_2
[16:39:36] Fixed 2 duplicate /gene - ytfQ_1 ytfQ_2
[16:39:36] Fixed 3 duplicate /gene - rbsB_1 rbsB_2 rbsB_3
[16:39:36] Fixed 2 duplicate /gene - ybhR_1 ybhR_2
[16:39:36] Fixed 3 duplicate /gene - pcaK_1 pcaK_2 pcaK_3
[16:39:36] Fixed 2 duplicate /gene - lpxD_1 lpxD_2
[16:39:36] Fixed 2 duplicate /gene - oppF_1 oppF_2
[16:39:36] Fixed 2 duplicate /gene - hutG_1 hutG_2
[16:39:36] Fixed 2 duplicate /gene - gltA_1 gltA_2
[16:39:36] Fixed 2 duplicate /gene - ghrA_1 ghrA_2
[16:39:36] Fixed 2 duplicate /gene - gltD_1 gltD_2
[16:39:36] Fixed 2 duplicate /gene - ybiI_1 ybiI_2
[16:39:36] Fixed 2 duplicate /gene - citG_1 citG_2
[16:39:36] Fixed 4 duplicate /gene - mdtA_1 mdtA_2 mdtA_3 mdtA_4
[16:39:36] Fixed 2 duplicate /gene - kefF_1 kefF_2
[16:39:36] Fixed 2 duplicate /gene - scoA_1 scoA_2
[16:39:36] Fixed 2 duplicate /gene - dnaC_1 dnaC_2
[16:39:36] Fixed 2 duplicate /gene - amiC_1 amiC_2
[16:39:36] Fixed 2 duplicate /gene - frcA_1 frcA_2
[16:39:36] Fixed 2 duplicate /gene - araB_1 araB_2
[16:39:36] Fixed 5 duplicate /gene - iolG_1 iolG_2 iolG_3 iolG_4 iolG_5
[16:39:36] Fixed 2 duplicate /gene - guaD_1 guaD_2
[16:39:36] Fixed 2 duplicate /gene - ppiC_1 ppiC_2
[16:39:36] Fixed 2 duplicate /gene - rssB_1 rssB_2
[16:39:36] Fixed 2 duplicate /gene - dhaK_1 dhaK_2
[16:39:36] Fixed 2 duplicate /gene - eda_1 eda_2
[16:39:36] Fixed 2 duplicate /gene - mepS_1 mepS_2
[16:39:36] Fixed 2 duplicate /gene - mshA_1 mshA_2
[16:39:36] Fixed 2 duplicate /gene - metR_1 metR_2
[16:39:36] Fixed 3 duplicate /gene - ssuA_1 ssuA_2 ssuA_3
[16:39:36] Fixed 2 duplicate /gene - acsAB_1 acsAB_2
[16:39:36] Fixed 2 duplicate /gene - astC_1 astC_2
[16:39:36] Fixed 3 duplicate /gene - tktA_1 tktA_2 tktA_3
[16:39:36] Fixed 2 duplicate /gene - glnP_1 glnP_2
[16:39:36] Fixed 2 duplicate /gene - fimF_1 fimF_2
[16:39:36] Fixed 2 duplicate /gene - xylA_1 xylA_2
[16:39:36] Fixed 2 duplicate /gene - pckA_1 pckA_2
[16:39:36] Fixed 3 duplicate /gene - gsiC_1 gsiC_2 gsiC_3
[16:39:36] Fixed 2 duplicate /gene - blc_1 blc_2
[16:39:36] Fixed 2 duplicate /gene - ddpC_1 ddpC_2
[16:39:36] Fixed 2 duplicate /gene - proP_1 proP_2
[16:39:36] Fixed 2 duplicate /gene - yibH_1 yibH_2
[16:39:36] Fixed 2 duplicate /gene - cysH_1 cysH_2
[16:39:36] Fixed 3 duplicate /gene - sotB_1 sotB_2 sotB_3
[16:39:36] Fixed 455 colliding /gene names.
[16:39:36] Adding /locus_tag identifiers
[16:39:36] Assigned 5359 locus_tags to CDS and RNA features.
[16:39:36] Writing outputs to kleb_annotation/
[16:39:37] Generating annotation statistics file
[16:39:37] Generating Genbank and Sequin files
[16:39:37] Running: tbl2asn -V b -a r10k -l paired-ends -M n -N 1 -y 'Annotated using prokka 1.14.6 from https://github.com/tseemann/prokka' -Z kleb_annotation\/PROKKA_04092024\.err -i kleb_annotation\/PROKKA_04092024\.fsa 2> /dev/null
[16:39:45] Deleting unwanted file: kleb_annotation/errorsummary.val
[16:39:45] Deleting unwanted file: kleb_annotation/PROKKA_04092024.dr
[16:39:45] Deleting unwanted file: kleb_annotation/PROKKA_04092024.fixedproducts
[16:39:45] Deleting unwanted file: kleb_annotation/PROKKA_04092024.ecn
[16:39:45] Deleting unwanted file: kleb_annotation/PROKKA_04092024.val
[16:39:45] Repairing broken .GBK output that tbl2asn produces...
[16:39:45] Running: sed 's/COORDINATES: profile/COORDINATES:profile/' < kleb_annotation\/PROKKA_04092024\.gbf > kleb_annotation\/PROKKA_04092024\.gbk
[16:39:45] Deleting unwanted file: kleb_annotation/PROKKA_04092024.gbf
[16:39:45] Output files:
[16:39:45] kleb_annotation/PROKKA_04092024.log
[16:39:45] kleb_annotation/PROKKA_04092024.fna
[16:39:45] kleb_annotation/PROKKA_04092024.gff
[16:39:45] kleb_annotation/PROKKA_04092024.faa
[16:39:45] kleb_annotation/PROKKA_04092024.ffn
[16:39:45] kleb_annotation/PROKKA_04092024.tbl
[16:39:45] kleb_annotation/PROKKA_04092024.fsa
[16:39:45] kleb_annotation/PROKKA_04092024.tsv
[16:39:45] kleb_annotation/PROKKA_04092024.txt
[16:39:45] kleb_annotation/PROKKA_04092024.gbk
[16:39:45] kleb_annotation/PROKKA_04092024.sqn
[16:39:45] kleb_annotation/PROKKA_04092024.err
[16:39:45] kleb_annotation/PROKKA_04092024.gbf-r
[16:39:45] Annotation finished successfully.
[16:39:45] Walltime used: 1.62 minutes
[16:39:45] If you use this result please cite the Prokka paper:
[16:39:45] Seemann T (2014) Prokka: rapid prokaryotic genome annotation. Bioinformatics. 30(14):2068-9.
[16:39:45] Type 'prokka --citation' for more details.
[16:39:45] Share and enjoy!
